# JRE version: Java(TM) SE Runtime Environment (21.0.8+12) (build 21.0.8+12-LTS-250)
# Java VM: Java HotSpot(TM) 64-Bit Server VM (21.0.8+12-LTS-250, mixed mode, sharing, tiered, compressed oops, compressed class ptrs, g1 gc, windows-amd64)
GC Precious Log:
 CardTable entry size: 512
 Card Set container configuration: InlinePtr #cards 4 size 8 Array Of Cards #cards 16 size 48 Howl #buckets 8 coarsen threshold 3686 Howl Bitmap #cards 512 size 80 coarsen threshold 460 Card regions per heap region 1 cards per card region 4096
 CPUs: 20 total, 20 available
 Memory: 16011M
 Large Page Support: Disabled
 NUMA Support: Disabled
 Compressed Oops: Enabled (Zero based)
 Heap Region Size: 2M
 Heap Min Capacity: 8M
 Heap Initial Capacity: 252M
 Heap Max Capacity: 4004M
 Pre-touch: Disabled
 Parallel Workers: 15
 Concurrent Workers: 4
 Concurrent Refinement Workers: 15
 Periodic GC: Disabled
Heap:
 garbage-first heap   total 315392K, used 247538K [0x0000000705c00000, 0x0000000800000000)
  region size 2048K, 78 young (159744K), 12 survivors (24576K)
 Metaspace       used 119343K, committed 120448K, reserved 1179648K
  class space    used 14018K, committed 14528K, reserved 1048576K
GC Heap History (20 events):
Event: 8.107 GC heap before
{Heap before GC invocations=23 (full 0):
 garbage-first heap   total 229376K, used 209572K [0x0000000705c00000, 0x0000000800000000)
  region size 2048K, 61 young (124928K), 2 survivors (4096K)
 Metaspace       used 56251K, committed 56832K, reserved 1114112K
  class space    used 6666K, committed 6976K, reserved 1048576K
}
Event: 8.109 GC heap after
{Heap after GC invocations=24 (full 0):
 garbage-first heap   total 229376K, used 89386K [0x0000000705c00000, 0x0000000800000000)
  region size 2048K, 2 young (4096K), 2 survivors (4096K)
 Metaspace       used 56251K, committed 56832K, reserved 1114112K
  class space    used 6666K, committed 6976K, reserved 1048576K
}
Event: 8.296 GC heap before
{Heap before GC invocations=24 (full 0):
 garbage-first heap   total 229376K, used 210218K [0x0000000705c00000, 0x0000000800000000)
  region size 2048K, 61 young (124928K), 2 survivors (4096K)
 Metaspace       used 56302K, committed 56896K, reserved 1114112K
  class space    used 6677K, committed 6976K, reserved 1048576K
}
Event: 8.299 GC heap after
{Heap after GC invocations=25 (full 0):
 garbage-first heap   total 339968K, used 89422K [0x0000000705c00000, 0x0000000800000000)
  region size 2048K, 2 young (4096K), 2 survivors (4096K)
 Metaspace       used 56302K, committed 56896K, reserved 1114112K
  class space    used 6677K, committed 6976K, reserved 1048576K
}
Event: 8.649 GC heap before
{Heap before GC invocations=25 (full 0):
 garbage-first heap   total 339968K, used 298318K [0x0000000705c00000, 0x0000000800000000)
  region size 2048K, 99 young (202752K), 2 survivors (4096K)
 Metaspace       used 56463K, committed 57088K, reserved 1114112K
  class space    used 6693K, committed 6976K, reserved 1048576K
}
Event: 8.651 GC heap after
{Heap after GC invocations=26 (full 0):
 garbage-first heap   total 339968K, used 89782K [0x0000000705c00000, 0x0000000800000000)
  region size 2048K, 2 young (4096K), 2 survivors (4096K)
 Metaspace       used 56463K, committed 57088K, reserved 1114112K
  class space    used 6693K, committed 6976K, reserved 1048576K
}
Event: 8.918 GC heap before
{Heap before GC invocations=26 (full 0):
 garbage-first heap   total 339968K, used 288438K [0x0000000705c00000, 0x0000000800000000)
  region size 2048K, 99 young (202752K), 2 survivors (4096K)
 Metaspace       used 56480K, committed 57088K, reserved 1114112K
  class space    used 6698K, committed 6976K, reserved 1048576K
}
Event: 8.920 GC heap after
{Heap after GC invocations=27 (full 0):
 garbage-first heap   total 339968K, used 90404K [0x0000000705c00000, 0x0000000800000000)
  region size 2048K, 3 young (6144K), 3 survivors (6144K)
 Metaspace       used 56480K, committed 57088K, reserved 1114112K
  class space    used 6698K, committed 6976K, reserved 1048576K
}
Event: 9.086 GC heap before
{Heap before GC invocations=27 (full 0):
 garbage-first heap   total 339968K, used 157988K [0x0000000705c00000, 0x0000000800000000)
  region size 2048K, 37 young (75776K), 3 survivors (6144K)
 Metaspace       used 59873K, committed 60416K, reserved 1114112K
  class space    used 7337K, committed 7616K, reserved 1048576K
}
Event: 9.088 GC heap after
{Heap after GC invocations=28 (full 0):
 garbage-first heap   total 339968K, used 91241K [0x0000000705c00000, 0x0000000800000000)
  region size 2048K, 3 young (6144K), 3 survivors (6144K)
 Metaspace       used 59873K, committed 60416K, reserved 1114112K
  class space    used 7337K, committed 7616K, reserved 1048576K
}
Event: 9.975 GC heap before
{Heap before GC invocations=29 (full 0):
 garbage-first heap   total 315392K, used 273513K [0x0000000705c00000, 0x0000000800000000)
  region size 2048K, 92 young (188416K), 3 survivors (6144K)
 Metaspace       used 64439K, committed 65024K, reserved 1114112K
  class space    used 7880K, committed 8128K, reserved 1048576K
}
Event: 9.979 GC heap after
{Heap after GC invocations=30 (full 0):
 garbage-first heap   total 315392K, used 93675K [0x0000000705c00000, 0x0000000800000000)
  region size 2048K, 4 young (8192K), 4 survivors (8192K)
 Metaspace       used 64439K, committed 65024K, reserved 1114112K
  class space    used 7880K, committed 8128K, reserved 1048576K
}
Event: 10.268 GC heap before
{Heap before GC invocations=30 (full 0):
 garbage-first heap   total 315392K, used 273899K [0x0000000705c00000, 0x0000000800000000)
  region size 2048K, 92 young (188416K), 4 survivors (8192K)
 Metaspace       used 66142K, committed 66752K, reserved 1114112K
  class space    used 8107K, committed 8384K, reserved 1048576K
}
Event: 10.271 GC heap after
{Heap after GC invocations=31 (full 0):
 garbage-first heap   total 315392K, used 87655K [0x0000000705c00000, 0x0000000800000000)
  region size 2048K, 5 young (10240K), 5 survivors (10240K)
 Metaspace       used 66142K, committed 66752K, reserved 1114112K
  class space    used 8107K, committed 8384K, reserved 1048576K
}
Event: 11.185 GC heap before
{Heap before GC invocations=31 (full 0):
 garbage-first heap   total 315392K, used 265831K [0x0000000705c00000, 0x0000000800000000)
  region size 2048K, 92 young (188416K), 5 survivors (10240K)
 Metaspace       used 79140K, committed 79808K, reserved 1179648K
  class space    used 9376K, committed 9664K, reserved 1048576K
}
Event: 11.189 GC heap after
{Heap after GC invocations=32 (full 0):
 garbage-first heap   total 315392K, used 91601K [0x0000000705c00000, 0x0000000800000000)
  region size 2048K, 6 young (12288K), 6 survivors (12288K)
 Metaspace       used 79140K, committed 79808K, reserved 1179648K
  class space    used 9376K, committed 9664K, reserved 1048576K
}
Event: 13.704 GC heap before
{Heap before GC invocations=32 (full 0):
 garbage-first heap   total 315392K, used 222673K [0x0000000705c00000, 0x0000000800000000)
  region size 2048K, 72 young (147456K), 6 survivors (12288K)
 Metaspace       used 100758K, committed 101376K, reserved 1179648K
  class space    used 11603K, committed 11904K, reserved 1048576K
}
Event: 13.711 GC heap after
{Heap after GC invocations=33 (full 0):
 garbage-first heap   total 315392K, used 101331K [0x0000000705c00000, 0x0000000800000000)
  region size 2048K, 11 young (22528K), 11 survivors (22528K)
 Metaspace       used 100758K, committed 101376K, reserved 1179648K
  class space    used 11603K, committed 11904K, reserved 1048576K
}
Event: 15.084 GC heap before
{Heap before GC invocations=34 (full 0):
 garbage-first heap   total 315392K, used 267219K [0x0000000705c00000, 0x0000000800000000)
  region size 2048K, 92 young (188416K), 11 survivors (22528K)
 Metaspace       used 110055K, committed 111104K, reserved 1179648K
  class space    used 12936K, committed 13440K, reserved 1048576K
}
Event: 15.095 GC heap after
{Heap after GC invocations=35 (full 0):
 garbage-first heap   total 315392K, used 114418K [0x0000000705c00000, 0x0000000800000000)
  region size 2048K, 12 young (24576K), 12 survivors (24576K)
 Metaspace       used 110055K, committed 111104K, reserved 1179648K
  class space    used 12936K, committed 13440K, reserved 1048576K
}

