# JRE version: Java(TM) SE Runtime Environment (21.0.8+12) (build 21.0.8+12-LTS-250)
# Java VM: Java HotSpot(TM) 64-Bit Server VM (21.0.8+12-LTS-250, mixed mode, sharing, tiered, compressed oops, compressed class ptrs, g1 gc, windows-amd64)
GC Precious Log:
 CardTable entry size: 512
 Card Set container configuration: InlinePtr #cards 4 size 8 Array Of Cards #cards 16 size 48 Howl #buckets 8 coarsen threshold 3686 Howl Bitmap #cards 512 size 80 coarsen threshold 460 Card regions per heap region 1 cards per card region 4096
 CPUs: 20 total, 20 available
 Memory: 16011M
 Large Page Support: Disabled
 NUMA Support: Disabled
 Compressed Oops: Enabled (Zero based)
 Heap Region Size: 2M
 Heap Min Capacity: 8M
 Heap Initial Capacity: 252M
 Heap Max Capacity: 4004M
 Pre-touch: Disabled
 Parallel Workers: 15
 Concurrent Workers: 4
 Concurrent Refinement Workers: 15
 Periodic GC: Disabled
Heap:
 garbage-first heap   total 313344K, used 119714K [0x0000000705c00000, 0x0000000800000000)
  region size 2048K, 14 young (28672K), 8 survivors (16384K)
 Metaspace       used 119309K, committed 120384K, reserved 1179648K
  class space    used 14046K, committed 14592K, reserved 1048576K
GC Heap History (20 events):
Event: 7.742 GC heap before
{Heap before GC invocations=25 (full 0):
 garbage-first heap   total 313344K, used 265016K [0x0000000705c00000, 0x0000000800000000)
  region size 2048K, 91 young (186368K), 2 survivors (4096K)
 Metaspace       used 56281K, committed 56896K, reserved 1114112K
  class space    used 6689K, committed 6976K, reserved 1048576K
}
Event: 7.744 GC heap after
{Heap after GC invocations=26 (full 0):
 garbage-first heap   total 313344K, used 83451K [0x0000000705c00000, 0x0000000800000000)
  region size 2048K, 2 young (4096K), 2 survivors (4096K)
 Metaspace       used 56281K, committed 56896K, reserved 1114112K
  class space    used 6689K, committed 6976K, reserved 1048576K
}
Event: 7.792 GC heap before
{Heap before GC invocations=26 (full 0):
 garbage-first heap   total 313344K, used 114171K [0x0000000705c00000, 0x0000000800000000)
  region size 2048K, 18 young (36864K), 2 survivors (4096K)
 Metaspace       used 56290K, committed 56896K, reserved 1114112K
  class space    used 6690K, committed 6976K, reserved 1048576K
}
Event: 7.794 GC heap after
{Heap after GC invocations=27 (full 0):
 garbage-first heap   total 313344K, used 83271K [0x0000000705c00000, 0x0000000800000000)
  region size 2048K, 2 young (4096K), 2 survivors (4096K)
 Metaspace       used 56290K, committed 56896K, reserved 1114112K
  class space    used 6690K, committed 6976K, reserved 1048576K
}
Event: 8.070 GC heap before
{Heap before GC invocations=28 (full 0):
 garbage-first heap   total 313344K, used 273735K [0x0000000705c00000, 0x0000000800000000)
  region size 2048K, 91 young (186368K), 2 survivors (4096K)
 Metaspace       used 56441K, committed 57024K, reserved 1114112K
  class space    used 6705K, committed 6976K, reserved 1048576K
}
Event: 8.073 GC heap after
{Heap after GC invocations=29 (full 0):
 garbage-first heap   total 313344K, used 83876K [0x0000000705c00000, 0x0000000800000000)
  region size 2048K, 2 young (4096K), 2 survivors (4096K)
 Metaspace       used 56441K, committed 57024K, reserved 1114112K
  class space    used 6705K, committed 6976K, reserved 1048576K
}
Event: 8.306 GC heap before
{Heap before GC invocations=29 (full 0):
 garbage-first heap   total 313344K, used 266148K [0x0000000705c00000, 0x0000000800000000)
  region size 2048K, 91 young (186368K), 2 survivors (4096K)
 Metaspace       used 56460K, committed 57024K, reserved 1114112K
  class space    used 6711K, committed 6976K, reserved 1048576K
}
Event: 8.309 GC heap after
{Heap after GC invocations=30 (full 0):
 garbage-first heap   total 313344K, used 80282K [0x0000000705c00000, 0x0000000800000000)
  region size 2048K, 3 young (6144K), 3 survivors (6144K)
 Metaspace       used 56460K, committed 57024K, reserved 1114112K
  class space    used 6711K, committed 6976K, reserved 1048576K
}
Event: 9.119 GC heap before
{Heap before GC invocations=30 (full 0):
 garbage-first heap   total 313344K, used 260506K [0x0000000705c00000, 0x0000000800000000)
  region size 2048K, 91 young (186368K), 3 survivors (6144K)
 Metaspace       used 64513K, committed 65088K, reserved 1114112K
  class space    used 7892K, committed 8128K, reserved 1048576K
}
Event: 9.124 GC heap after
{Heap after GC invocations=31 (full 0):
 garbage-first heap   total 313344K, used 83374K [0x0000000705c00000, 0x0000000800000000)
  region size 2048K, 4 young (8192K), 4 survivors (8192K)
 Metaspace       used 64513K, committed 65088K, reserved 1114112K
  class space    used 7892K, committed 8128K, reserved 1048576K
}
Event: 9.423 GC heap before
{Heap before GC invocations=32 (full 0):
 garbage-first heap   total 313344K, used 261550K [0x0000000705c00000, 0x0000000800000000)
  region size 2048K, 91 young (186368K), 4 survivors (8192K)
 Metaspace       used 66007K, committed 66624K, reserved 1114112K
  class space    used 8098K, committed 8384K, reserved 1048576K
}
Event: 9.426 GC heap after
{Heap after GC invocations=33 (full 0):
 garbage-first heap   total 313344K, used 83451K [0x0000000705c00000, 0x0000000800000000)
  region size 2048K, 4 young (8192K), 4 survivors (8192K)
 Metaspace       used 66007K, committed 66624K, reserved 1114112K
  class space    used 8098K, committed 8384K, reserved 1048576K
}
Event: 9.982 GC heap before
{Heap before GC invocations=33 (full 0):
 garbage-first heap   total 313344K, used 261627K [0x0000000705c00000, 0x0000000800000000)
  region size 2048K, 91 young (186368K), 4 survivors (8192K)
 Metaspace       used 74920K, committed 75520K, reserved 1179648K
  class space    used 8951K, committed 9216K, reserved 1048576K
}
Event: 9.986 GC heap after
{Heap after GC invocations=34 (full 0):
 garbage-first heap   total 313344K, used 83398K [0x0000000705c00000, 0x0000000800000000)
  region size 2048K, 5 young (10240K), 5 survivors (10240K)
 Metaspace       used 74920K, committed 75520K, reserved 1179648K
  class space    used 8951K, committed 9216K, reserved 1048576K
}
Event: 12.789 GC heap before
{Heap before GC invocations=34 (full 0):
 garbage-first heap   total 313344K, used 257478K [0x0000000705c00000, 0x0000000800000000)
  region size 2048K, 91 young (186368K), 5 survivors (10240K)
 Metaspace       used 101739K, committed 102400K, reserved 1179648K
  class space    used 11703K, committed 12032K, reserved 1048576K
}
Event: 12.797 GC heap after
{Heap after GC invocations=35 (full 0):
 garbage-first heap   total 313344K, used 95059K [0x0000000705c00000, 0x0000000800000000)
  region size 2048K, 11 young (22528K), 11 survivors (22528K)
 Metaspace       used 101739K, committed 102400K, reserved 1179648K
  class space    used 11703K, committed 12032K, reserved 1048576K
}
Event: 13.769 GC heap before
{Heap before GC invocations=35 (full 0):
 garbage-first heap   total 313344K, used 205651K [0x0000000705c00000, 0x0000000800000000)
  region size 2048K, 66 young (135168K), 11 survivors (22528K)
 Metaspace       used 107478K, committed 108480K, reserved 1179648K
  class space    used 12549K, committed 13056K, reserved 1048576K
}
Event: 13.779 GC heap after
{Heap after GC invocations=36 (full 0):
 garbage-first heap   total 313344K, used 103178K [0x0000000705c00000, 0x0000000800000000)
  region size 2048K, 10 young (20480K), 10 survivors (20480K)
 Metaspace       used 107478K, committed 108480K, reserved 1179648K
  class space    used 12549K, committed 13056K, reserved 1048576K
}
Event: 15.529 GC heap before
{Heap before GC invocations=37 (full 0):
 garbage-first heap   total 313344K, used 269066K [0x0000000705c00000, 0x0000000800000000)
  region size 2048K, 91 young (186368K), 10 survivors (20480K)
 Metaspace       used 119113K, committed 120256K, reserved 1179648K
  class space    used 14046K, committed 14592K, reserved 1048576K
}
Event: 15.539 GC heap after
{Heap after GC invocations=38 (full 0):
 garbage-first heap   total 313344K, used 109474K [0x0000000705c00000, 0x0000000800000000)
  region size 2048K, 8 young (16384K), 8 survivors (16384K)
 Metaspace       used 119113K, committed 120256K, reserved 1179648K
  class space    used 14046K, committed 14592K, reserved 1048576K
}

