# JRE version: Java(TM) SE Runtime Environment (21.0.8+12) (build 21.0.8+12-LTS-250)
# Java VM: Java HotSpot(TM) 64-Bit Server VM (21.0.8+12-LTS-250, mixed mode, sharing, tiered, compressed oops, compressed class ptrs, g1 gc, windows-amd64)
GC Precious Log:
 CardTable entry size: 512
 Card Set container configuration: InlinePtr #cards 4 size 8 Array Of Cards #cards 16 size 48 Howl #buckets 8 coarsen threshold 3686 Howl Bitmap #cards 512 size 80 coarsen threshold 460 Card regions per heap region 1 cards per card region 4096
 CPUs: 20 total, 20 available
 Memory: 16011M
 Large Page Support: Disabled
 NUMA Support: Disabled
 Compressed Oops: Enabled (Zero based)
 Heap Region Size: 2M
 Heap Min Capacity: 8M
 Heap Initial Capacity: 252M
 Heap Max Capacity: 4004M
 Pre-touch: Disabled
 Parallel Workers: 15
 Concurrent Workers: 4
 Concurrent Refinement Workers: 15
 Periodic GC: Disabled
Heap:
 garbage-first heap   total 315392K, used 268237K [0x0000000705c00000, 0x0000000800000000)
  region size 2048K, 88 young (180224K), 11 survivors (22528K)
 Metaspace       used 119570K, committed 120576K, reserved 1179648K
  class space    used 14059K, committed 14528K, reserved 1048576K
GC Heap History (20 events):
Event: 7.440 GC heap before
{Heap before GC invocations=22 (full 0):
 garbage-first heap   total 235520K, used 212490K [0x0000000705c00000, 0x0000000800000000)
  region size 2048K, 63 young (129024K), 2 survivors (4096K)
 Metaspace       used 56234K, committed 56768K, reserved 1114112K
  class space    used 6665K, committed 6912K, reserved 1048576K
}
Event: 7.443 GC heap after
{Heap after GC invocations=23 (full 0):
 garbage-first heap   total 352256K, used 88062K [0x0000000705c00000, 0x0000000800000000)
  region size 2048K, 2 young (4096K), 2 survivors (4096K)
 Metaspace       used 56234K, committed 56768K, reserved 1114112K
  class space    used 6665K, committed 6912K, reserved 1048576K
}
Event: 7.770 GC heap before
{Heap before GC invocations=23 (full 0):
 garbage-first heap   total 352256K, used 294910K [0x0000000705c00000, 0x0000000800000000)
  region size 2048K, 103 young (210944K), 2 survivors (4096K)
 Metaspace       used 56324K, committed 56896K, reserved 1114112K
  class space    used 6685K, committed 6976K, reserved 1048576K
}
Event: 7.772 GC heap after
{Heap after GC invocations=24 (full 0):
 garbage-first heap   total 352256K, used 88619K [0x0000000705c00000, 0x0000000800000000)
  region size 2048K, 2 young (4096K), 2 survivors (4096K)
 Metaspace       used 56324K, committed 56896K, reserved 1114112K
  class space    used 6685K, committed 6976K, reserved 1048576K
}
Event: 8.062 GC heap before
{Heap before GC invocations=24 (full 0):
 garbage-first heap   total 352256K, used 305707K [0x0000000705c00000, 0x0000000800000000)
  region size 2048K, 103 young (210944K), 2 survivors (4096K)
 Metaspace       used 56484K, committed 57024K, reserved 1114112K
  class space    used 6700K, committed 6976K, reserved 1048576K
}
Event: 8.065 GC heap after
{Heap after GC invocations=25 (full 0):
 garbage-first heap   total 352256K, used 89079K [0x0000000705c00000, 0x0000000800000000)
  region size 2048K, 2 young (4096K), 2 survivors (4096K)
 Metaspace       used 56484K, committed 57024K, reserved 1114112K
  class space    used 6700K, committed 6976K, reserved 1048576K
}
Event: 8.326 GC heap before
{Heap before GC invocations=25 (full 0):
 garbage-first heap   total 352256K, used 293879K [0x0000000705c00000, 0x0000000800000000)
  region size 2048K, 103 young (210944K), 2 survivors (4096K)
 Metaspace       used 56502K, committed 57088K, reserved 1114112K
  class space    used 6706K, committed 6976K, reserved 1048576K
}
Event: 8.328 GC heap after
{Heap after GC invocations=26 (full 0):
 garbage-first heap   total 352256K, used 89711K [0x0000000705c00000, 0x0000000800000000)
  region size 2048K, 3 young (6144K), 3 survivors (6144K)
 Metaspace       used 56502K, committed 57088K, reserved 1114112K
  class space    used 6706K, committed 6976K, reserved 1048576K
}
Event: 8.503 GC heap before
{Heap before GC invocations=26 (full 0):
 garbage-first heap   total 352256K, used 169583K [0x0000000705c00000, 0x0000000800000000)
  region size 2048K, 43 young (88064K), 3 survivors (6144K)
 Metaspace       used 59576K, committed 60096K, reserved 1114112K
  class space    used 7279K, committed 7552K, reserved 1048576K
}
Event: 8.506 GC heap after
{Heap after GC invocations=27 (full 0):
 garbage-first heap   total 352256K, used 90420K [0x0000000705c00000, 0x0000000800000000)
  region size 2048K, 3 young (6144K), 3 survivors (6144K)
 Metaspace       used 59576K, committed 60096K, reserved 1114112K
  class space    used 7279K, committed 7552K, reserved 1048576K
}
Event: 9.223 GC heap before
{Heap before GC invocations=28 (full 0):
 garbage-first heap   total 315392K, used 272692K [0x0000000705c00000, 0x0000000800000000)
  region size 2048K, 92 young (188416K), 3 survivors (6144K)
 Metaspace       used 64469K, committed 65024K, reserved 1114112K
  class space    used 7887K, committed 8128K, reserved 1048576K
}
Event: 9.227 GC heap after
{Heap after GC invocations=29 (full 0):
 garbage-first heap   total 315392K, used 92770K [0x0000000705c00000, 0x0000000800000000)
  region size 2048K, 4 young (8192K), 4 survivors (8192K)
 Metaspace       used 64469K, committed 65024K, reserved 1114112K
  class space    used 7887K, committed 8128K, reserved 1048576K
}
Event: 9.490 GC heap before
{Heap before GC invocations=29 (full 0):
 garbage-first heap   total 315392K, used 272994K [0x0000000705c00000, 0x0000000800000000)
  region size 2048K, 92 young (188416K), 4 survivors (8192K)
 Metaspace       used 66162K, committed 66816K, reserved 1114112K
  class space    used 8113K, committed 8448K, reserved 1048576K
}
Event: 9.493 GC heap after
{Heap after GC invocations=30 (full 0):
 garbage-first heap   total 315392K, used 87208K [0x0000000705c00000, 0x0000000800000000)
  region size 2048K, 5 young (10240K), 5 survivors (10240K)
 Metaspace       used 66162K, committed 66816K, reserved 1114112K
  class space    used 8113K, committed 8448K, reserved 1048576K
}
Event: 10.407 GC heap before
{Heap before GC invocations=30 (full 0):
 garbage-first heap   total 315392K, used 265384K [0x0000000705c00000, 0x0000000800000000)
  region size 2048K, 92 young (188416K), 5 survivors (10240K)
 Metaspace       used 79362K, committed 80064K, reserved 1179648K
  class space    used 9402K, committed 9728K, reserved 1048576K
}
Event: 10.412 GC heap after
{Heap after GC invocations=31 (full 0):
 garbage-first heap   total 315392K, used 92195K [0x0000000705c00000, 0x0000000800000000)
  region size 2048K, 7 young (14336K), 7 survivors (14336K)
 Metaspace       used 79362K, committed 80064K, reserved 1179648K
  class space    used 9402K, committed 9728K, reserved 1048576K
}
Event: 12.617 GC heap before
{Heap before GC invocations=31 (full 0):
 garbage-first heap   total 315392K, used 219171K [0x0000000705c00000, 0x0000000800000000)
  region size 2048K, 71 young (145408K), 7 survivors (14336K)
 Metaspace       used 100321K, committed 100928K, reserved 1179648K
  class space    used 11550K, committed 11840K, reserved 1048576K
}
Event: 12.626 GC heap after
{Heap after GC invocations=32 (full 0):
 garbage-first heap   total 315392K, used 101390K [0x0000000705c00000, 0x0000000800000000)
  region size 2048K, 11 young (22528K), 11 survivors (22528K)
 Metaspace       used 100321K, committed 100928K, reserved 1179648K
  class space    used 11550K, committed 11840K, reserved 1048576K
}
Event: 14.184 GC heap before
{Heap before GC invocations=33 (full 0):
 garbage-first heap   total 315392K, used 267278K [0x0000000705c00000, 0x0000000800000000)
  region size 2048K, 92 young (188416K), 11 survivors (22528K)
 Metaspace       used 109972K, committed 110912K, reserved 1179648K
  class space    used 12926K, committed 13376K, reserved 1048576K
}
Event: 14.195 GC heap after
{Heap after GC invocations=34 (full 0):
 garbage-first heap   total 315392K, used 112589K [0x0000000705c00000, 0x0000000800000000)
  region size 2048K, 11 young (22528K), 11 survivors (22528K)
 Metaspace       used 109972K, committed 110912K, reserved 1179648K
  class space    used 12926K, committed 13376K, reserved 1048576K
}

