# JRE version: Java(TM) SE Runtime Environment (21.0.8+12) (build 21.0.8+12-LTS-250)
# Java VM: Java HotSpot(TM) 64-Bit Server VM (21.0.8+12-LTS-250, mixed mode, sharing, tiered, compressed oops, compressed class ptrs, g1 gc, windows-amd64)
GC Precious Log:
 CardTable entry size: 512
 Card Set container configuration: InlinePtr #cards 4 size 8 Array Of Cards #cards 16 size 48 Howl #buckets 8 coarsen threshold 3686 Howl Bitmap #cards 512 size 80 coarsen threshold 460 Card regions per heap region 1 cards per card region 4096
 CPUs: 20 total, 20 available
 Memory: 16011M
 Large Page Support: Disabled
 NUMA Support: Disabled
 Compressed Oops: Enabled (Zero based)
 Heap Region Size: 2M
 Heap Min Capacity: 8M
 Heap Initial Capacity: 252M
 Heap Max Capacity: 4004M
 Pre-touch: Disabled
 Parallel Workers: 15
 Concurrent Workers: 4
 Concurrent Refinement Workers: 15
 Periodic GC: Disabled
Heap:
 garbage-first heap   total 563200K, used 340697K [0x0000000705c00000, 0x0000000800000000)
  region size 2048K, 11 young (22528K), 10 survivors (20480K)
 Metaspace       used 143917K, committed 145152K, reserved 1179648K
  class space    used 17156K, committed 17728K, reserved 1048576K
GC Heap History (20 events):
Event: 1372.697 GC heap before
{Heap before GC invocations=98 (full 0):
 garbage-first heap   total 512000K, used 337343K [0x0000000705c00000, 0x0000000800000000)
  region size 2048K, 21 young (43008K), 5 survivors (10240K)
 Metaspace       used 143611K, committed 144832K, reserved 1179648K
  class space    used 17140K, committed 17728K, reserved 1048576K
}
Event: 1372.700 GC heap after
{Heap after GC invocations=99 (full 0):
 garbage-first heap   total 512000K, used 308376K [0x0000000705c00000, 0x0000000800000000)
  region size 2048K, 5 young (10240K), 5 survivors (10240K)
 Metaspace       used 143611K, committed 144832K, reserved 1179648K
  class space    used 17140K, committed 17728K, reserved 1048576K
}
Event: 1383.734 GC heap before
{Heap before GC invocations=100 (full 0):
 garbage-first heap   total 530432K, used 478360K [0x0000000705c00000, 0x0000000800000000)
  region size 2048K, 85 young (174080K), 5 survivors (10240K)
 Metaspace       used 143643K, committed 144896K, reserved 1179648K
  class space    used 17140K, committed 17728K, reserved 1048576K
}
Event: 1383.739 GC heap after
{Heap after GC invocations=101 (full 0):
 garbage-first heap   total 530432K, used 318608K [0x0000000705c00000, 0x0000000800000000)
  region size 2048K, 9 young (18432K), 9 survivors (18432K)
 Metaspace       used 143643K, committed 144896K, reserved 1179648K
  class space    used 17140K, committed 17728K, reserved 1048576K
}
Event: 1404.356 GC heap before
{Heap before GC invocations=101 (full 0):
 garbage-first heap   total 530432K, used 482448K [0x0000000705c00000, 0x0000000800000000)
  region size 2048K, 89 young (182272K), 9 survivors (18432K)
 Metaspace       used 143645K, committed 144960K, reserved 1179648K
  class space    used 17140K, committed 17728K, reserved 1048576K
}
Event: 1404.363 GC heap after
{Heap after GC invocations=102 (full 0):
 garbage-first heap   total 530432K, used 316089K [0x0000000705c00000, 0x0000000800000000)
  region size 2048K, 8 young (16384K), 8 survivors (16384K)
 Metaspace       used 143645K, committed 144960K, reserved 1179648K
  class space    used 17140K, committed 17728K, reserved 1048576K
}
Event: 1425.003 GC heap before
{Heap before GC invocations=102 (full 0):
 garbage-first heap   total 530432K, used 481977K [0x0000000705c00000, 0x0000000800000000)
  region size 2048K, 90 young (184320K), 8 survivors (16384K)
 Metaspace       used 143662K, committed 144960K, reserved 1179648K
  class space    used 17140K, committed 17728K, reserved 1048576K
}
Event: 1425.009 GC heap after
{Heap after GC invocations=103 (full 0):
 garbage-first heap   total 530432K, used 322165K [0x0000000705c00000, 0x0000000800000000)
  region size 2048K, 7 young (14336K), 7 survivors (14336K)
 Metaspace       used 143662K, committed 144960K, reserved 1179648K
  class space    used 17140K, committed 17728K, reserved 1048576K
}
Event: 1438.491 GC heap before
{Heap before GC invocations=104 (full 0):
 garbage-first heap   total 563200K, used 479861K [0x0000000705c00000, 0x0000000800000000)
  region size 2048K, 85 young (174080K), 7 survivors (14336K)
 Metaspace       used 143684K, committed 144960K, reserved 1179648K
  class space    used 17140K, committed 17728K, reserved 1048576K
}
Event: 1438.495 GC heap after
{Heap after GC invocations=105 (full 0):
 garbage-first heap   total 563200K, used 327111K [0x0000000705c00000, 0x0000000800000000)
  region size 2048K, 7 young (14336K), 7 survivors (14336K)
 Metaspace       used 143684K, committed 144960K, reserved 1179648K
  class space    used 17140K, committed 17728K, reserved 1048576K
}
Event: 1460.197 GC heap before
{Heap before GC invocations=105 (full 0):
 garbage-first heap   total 563200K, used 515527K [0x0000000705c00000, 0x0000000800000000)
  region size 2048K, 99 young (202752K), 7 survivors (14336K)
 Metaspace       used 143726K, committed 144960K, reserved 1179648K
  class space    used 17143K, committed 17728K, reserved 1048576K
}
Event: 1460.203 GC heap after
{Heap after GC invocations=106 (full 0):
 garbage-first heap   total 563200K, used 325189K [0x0000000705c00000, 0x0000000800000000)
  region size 2048K, 9 young (18432K), 9 survivors (18432K)
 Metaspace       used 143726K, committed 144960K, reserved 1179648K
  class space    used 17143K, committed 17728K, reserved 1048576K
}
Event: 1471.387 GC heap before
{Heap before GC invocations=106 (full 0):
 garbage-first heap   total 563200K, used 509509K [0x0000000705c00000, 0x0000000800000000)
  region size 2048K, 100 young (204800K), 9 survivors (18432K)
 Metaspace       used 143911K, committed 145152K, reserved 1179648K
  class space    used 17156K, committed 17728K, reserved 1048576K
}
Event: 1471.393 GC heap after
{Heap after GC invocations=107 (full 0):
 garbage-first heap   total 563200K, used 331490K [0x0000000705c00000, 0x0000000800000000)
  region size 2048K, 10 young (20480K), 10 survivors (20480K)
 Metaspace       used 143911K, committed 145152K, reserved 1179648K
  class space    used 17156K, committed 17728K, reserved 1048576K
}
Event: 1497.885 GC heap before
{Heap before GC invocations=108 (full 0):
 garbage-first heap   total 563200K, used 509666K [0x0000000705c00000, 0x0000000800000000)
  region size 2048K, 97 young (198656K), 10 survivors (20480K)
 Metaspace       used 143915K, committed 145152K, reserved 1179648K
  class space    used 17156K, committed 17728K, reserved 1048576K
}
Event: 1497.890 GC heap after
{Heap after GC invocations=109 (full 0):
 garbage-first heap   total 563200K, used 334124K [0x0000000705c00000, 0x0000000800000000)
  region size 2048K, 7 young (14336K), 7 survivors (14336K)
 Metaspace       used 143915K, committed 145152K, reserved 1179648K
  class space    used 17156K, committed 17728K, reserved 1048576K
}
Event: 1527.210 GC heap before
{Heap before GC invocations=109 (full 0):
 garbage-first heap   total 563200K, used 516396K [0x0000000705c00000, 0x0000000800000000)
  region size 2048K, 96 young (196608K), 7 survivors (14336K)
 Metaspace       used 143917K, committed 145152K, reserved 1179648K
  class space    used 17156K, committed 17728K, reserved 1048576K
}
Event: 1527.217 GC heap after
{Heap after GC invocations=110 (full 0):
 garbage-first heap   total 563200K, used 334119K [0x0000000705c00000, 0x0000000800000000)
  region size 2048K, 9 young (18432K), 9 survivors (18432K)
 Metaspace       used 143917K, committed 145152K, reserved 1179648K
  class space    used 17156K, committed 17728K, reserved 1048576K
}
Event: 1558.147 GC heap before
{Heap before GC invocations=110 (full 0):
 garbage-first heap   total 563200K, used 510247K [0x0000000705c00000, 0x0000000800000000)
  region size 2048K, 96 young (196608K), 9 survivors (18432K)
 Metaspace       used 143917K, committed 145152K, reserved 1179648K
  class space    used 17156K, committed 17728K, reserved 1048576K
}
Event: 1558.153 GC heap after
{Heap after GC invocations=111 (full 0):
 garbage-first heap   total 563200K, used 340697K [0x0000000705c00000, 0x0000000800000000)
  region size 2048K, 10 young (20480K), 10 survivors (20480K)
 Metaspace       used 143917K, committed 145152K, reserved 1179648K
  class space    used 17156K, committed 17728K, reserved 1048576K
}

